<?xml version="1.0" encoding="UTF-8"?>
<!-- Generated by org.testng.reporters.JUnitXMLReporter -->
<testsuite ignored="0" hostname="DESKTOP-NCN8IFR" failures="0" tests="2" name="Error Validations Test" time="19.671" errors="0" timestamp="04 Jan 2025 08:15:47 GMT">
  <testcase classname="rahulshettyacademy.tests.ErrorValidationsTest" name="LoginErrorValidation" time="1.648"/>
  <testcase classname="rahulshettyacademy.tests.ErrorValidationsTest" name="ProductErrorValidation" time="4.655"/>
</testsuite> <!-- Error Validations Test -->
