<?xml version="1.0" encoding="UTF-8"?>
<!-- Generated by org.testng.reporters.JUnitXMLReporter -->
<testsuite ignored="0" hostname="DESKTOP-NCN8IFR" failures="0" tests="2" name="Error Validations Test" time="32.813" errors="0" timestamp="06 Jan 2025 04:06:39 GMT">
  <testcase classname="rahulshettyacademy.tests.ErrorValidationsTest" name="LoginErrorValidation" time="2.921"/>
  <testcase classname="rahulshettyacademy.tests.ErrorValidationsTest" name="ProductErrorValidation" time="3.333"/>
</testsuite> <!-- Error Validations Test -->
